<?xml version="1.0" encoding="UTF-8"?>
<testng-results total="1" passed="1" failed="0" skipped="0">
  <reporter-output>
  </reporter-output>
  <suite started-at="2023-11-26T05:18:23Z" name="Default suite" finished-at="2023-11-26T05:19:45Z" duration-ms="81103">
    <groups>
    </groups>
    <test started-at="2023-11-26T05:18:23Z" name="Default test" finished-at="2023-11-26T05:19:45Z" duration-ms="81103">
      <class name="testCases.LOGIN_LOGOUT">
        <test-method is-config="true" signature="setUp()[pri:0, instance:testCases.LOGIN_LOGOUT@226a82c4]" started-at="2023-11-26T10:48:23Z" name="setUp" finished-at="2023-11-26T10:48:23Z" duration-ms="66" status="PASS">
          <reporter-output>
          </reporter-output>
        </test-method> <!-- setUp -->
        <test-method signature="testCase()[pri:0, instance:testCases.LOGIN_LOGOUT@226a82c4]" started-at="2023-11-26T10:48:23Z" name="testCase" finished-at="2023-11-26T10:49:45Z" duration-ms="81078" status="PASS">
          <reporter-output>
          </reporter-output>
        </test-method> <!-- testCase -->
        <test-method is-config="true" signature="tearDown()[pri:0, instance:testCases.LOGIN_LOGOUT@226a82c4]" started-at="2023-11-26T10:49:45Z" name="tearDown" finished-at="2023-11-26T10:49:45Z" duration-ms="6" status="PASS">
          <reporter-output>
          </reporter-output>
        </test-method> <!-- tearDown -->
      </class> <!-- testCases.LOGIN_LOGOUT -->
    </test> <!-- Default test -->
  </suite> <!-- Default suite -->
</testng-results>
